Autor: Guillermo Fernandez Romero
Fecha: 3-Mayo-2023 15:09
# | Caracter
include | Identificador
< | OperadorRelacional
stdio | Identificador
. | Caracter
h | Identificador
> | OperadorRelacional
# | Caracter
include | Identificador
< | OperadorRelacional
math | Identificador
. | Caracter
h | Identificador
> | OperadorRelacional
# | Caracter
include | Identificador
< | OperadorRelacional
iostream | Identificador
> | OperadorRelacional
char | TipoDato
a | Identificador
; | FinSentencia
int | TipoDato
b | Identificador
; | FinSentencia
float | TipoDato
c | Identificador
; | FinSentencia
void | Identificador
main | Identificador
( | Caracter
) | Caracter
{ | Inicio
a | Identificador
a = = | Asignacion
b | Identificador
+ | OperadorTermino
c | Identificador
; | FinSentencia
 + = 0
-----------------
V a r i a b l e s
-----------------
a Char = 0
b Int = 0
c Float = 0
-----------------
